<project name="junit-example">
  <property name="main.build.dir" value="build/main"/>
  <property name="main.src.dir" value="src/main/java"/>
  <property name="test.build.dir" value="build/test"/>
  <property name="test.src.dir" value="src/test/java"/>
<property name="target.report.dir" value="src/test/reports"/>

  <path id="classpath.test">
    <pathelement location="com/lib/junit-4.12.jar"/>
    <pathelement location="com/lib/hamcrest-core-1.3.jar"/>
    <pathelement location="${main.build.dir}"/>
  </path>

  <target name="compile">
    <mkdir dir="${main.build.dir}"/>
    <javac srcdir="${main.src.dir}" destdir="${main.build.dir}" includeantruntime="false"/>
  </target>

  <target name="test-compile" depends="compile">
    <mkdir dir="${test.build.dir}"/>
    <javac srcdir="${test.src.dir}" destdir="${test.build.dir}" includeantruntime="false">
        <classpath refid="classpath.test"/>
    </javac>
  </target>

  <target name="test" depends="test-compile">
  <mkdir dir="${target.report.dir}"/>
    <junit printsummary="on" haltonfailure="yes" fork="true">
	<formatter type="plain" usefile="false"/>
	<formatter type="xml"/>
	<batchtest todir="${target.report.dir}">
		<fileset dir="${test.src.dir}">
			<include name="*.java"/>
		</fileset>
	</batchtest>
	<classpath>
		<pathelement location="${test.build.dir}"/>
		<pathelement location="com/lib/junit-4.12.jar"/>
    </classpath>
    </junit>
  </target>
  
  <target name="report" depends="test">
	<mkdir dir="${target.report.dir}/html"/>
	<junitreport todir="${target.report.dir}">
		<fileset dir="${target.report.dir}">
			<include name="TEST-*.xml"/>
		</fileset>
		<report todir="${target.report.dir}/html"/>
	</junitreport>
	</target>
	 
</project>
